<?xml version="1.0" encoding="UTF-8"?>
<testsuite xmlns:xsi="http://www.w3.org/2001/XMLSchema-instance" xsi:noNamespaceSchemaLocation="https://maven.apache.org/surefire/maven-surefire-plugin/xsd/surefire-test-report.xsd" name="com.sig.session.TabelaItensVendaTest" time="0.285" tests="6" errors="0" skipped="0" failures="0">
  <properties>
[...]
</properties>
  <testcase name="deveCalcularValorTotalSemItens" classname="com.sig.session.TabelaItensVendaTest" time="0.131"/>
  <testcase name="deveAlterarQuantidadeDoItem" classname="com.sig.session.TabelaItensVendaTest" time="0.007"/>
  <testcase name="deveCalcularValorTotalComUmItem" classname="com.sig.session.TabelaItensVendaTest" time="0"/>
  <testcase name="deveExcluirItem" classname="com.sig.session.TabelaItensVendaTest" time="0.009"/>
  <testcase name="deveCalcularValorTotalComVariosItens" classname="com.sig.session.TabelaItensVendaTest" time="0"/>
  <testcase name="deveManterTamanhoDaListaParaMesmasProdutos" classname="com.sig.session.TabelaItensVendaTest" time="0"/>
</testsuite>